Arguments: 
  E:\node\node.exe C:\Users\Administrator\AppData\Roaming\npm\node_modules\yarn\bin\yarn.js add stylint-config-standard -D

PATH: 
  C:\ProgramData\Oracle\Java\javapath;C:\Program Files (x86)\NVIDIA Corporation\PhysX\Common;C:\WINDOWS\system32;C:\WINDOWS;C:\WINDOWS\System32\Wbem;C:\WINDOWS\System32\WindowsPowerShell\v1.0\;F:\rose\myrose\common;F:\mysql\bin;C:\Program Files (x86)\Java\jdk1.8.0_144\bin;F:\java\TOMCAT7\bin;F:\java\TOMCAT7\lib;E:\node\;E:\git\Git\cmd;C:\Users\Administrator\AppData\Local\Yarn\bin;C:\Users\Administrator\AppData\Local\Microsoft\WindowsApps；E:\ana\Scripts；;E:\PY;E:\vscode\Microsoft VS Code\bin;C:\Users\Administrator\AppData\Roaming\npm;C:\Users\Administrator\AppData\Local\Yarn\bin

Yarn version: 
  1.10.1

Node version: 
  8.12.0

Platform: 
  win32 x64

Trace: 
  Error: https://registry.npm.taobao.org/stylint-config-standard: Not found
      at Request.params.callback [as _callback] (C:\Users\Administrator\AppData\Roaming\npm\node_modules\yarn\lib\cli.js:61073:18)
      at Request.self.callback (C:\Users\Administrator\AppData\Roaming\npm\node_modules\yarn\lib\cli.js:120166:22)
      at emitTwo (events.js:126:13)
      at Request.emit (events.js:214:7)
      at Request.<anonymous> (C:\Users\Administrator\AppData\Roaming\npm\node_modules\yarn\lib\cli.js:121138:10)
      at emitOne (events.js:116:13)
      at Request.emit (events.js:211:7)
      at IncomingMessage.<anonymous> (C:\Users\Administrator\AppData\Roaming\npm\node_modules\yarn\lib\cli.js:121060:12)
      at Object.onceWrapper (events.js:313:30)
      at emitNone (events.js:111:20)

npm manifest: 
  {
    "name": "npm_hello_script",
    "version": "0.1.0",
    "description": "npm init -y",
    "main": "index.js",
    "scripts": {
      "lint:js":"eslint *.js",
      "lint:css":"stylint *.less",
      "test": "lint:*"
    },
    "keywords": [],
    "author": "MarchYuanx <592302815@qq.com> (http://github.com/MarchYuanx)",
    "license": "MIT",
    "devDependencies": {
      "eslint": "^5.7.0"
    }
  }

yarn manifest: 
  No manifest

Lockfile: 
  No lockfile
